<?xml version="1.0" encoding="UTF-8"?>
<!-- Generated by org.testng.reporters.JUnitReportReporter -->
<testsuite hostname="DESKTOP-M021GP2" failures="0" tests="1" name="lesson19.ScrollDemo" time="12.037" errors="0" timestamp="2022-12-01T20:58:04 EST" skipped="0">
  <testcase classname="lesson19.ScrollDemo" name="test1" time="12.037"/>
  <system-out/>
</testsuite> <!-- lesson19.ScrollDemo -->
