<?xml version="1.0" encoding="UTF-8"?>
<!-- Generated by org.testng.reporters.JUnitReportReporter -->
<testsuite hostname="DESKTOP-M021GP2" failures="0" tests="5" name="lesson15.JUnitDemo" time="0.011" errors="0" timestamp="2022-11-17T21:01:05 EST" skipped="0">
  <testcase classname="lesson15.JUnitDemo" name="testD" time="0.000"/>
  <system-out/>
  <testcase classname="lesson15.JUnitDemo" name="testC" time="0.001"/>
  <system-out/>
  <testcase classname="lesson15.JUnitDemo" name="testE" time="0.002"/>
  <system-out/>
  <testcase classname="lesson15.JUnitDemo" name="testA" time="0.006"/>
  <system-out/>
  <testcase classname="lesson15.JUnitDemo" name="testB" time="0.002"/>
  <system-out/>
</testsuite> <!-- lesson15.JUnitDemo -->
