<?xml version="1.0" encoding="UTF-8"?>
<!-- Generated by org.testng.reporters.JUnitReportReporter -->
<testsuite hostname="DESKTOP-M021GP2" failures="0" tests="1" name="lesson20.ComplexActions" time="4.361" errors="0" timestamp="2022-12-06T21:27:36 EST" skipped="0">
  <testcase classname="lesson20.ComplexActions" name="test1" time="4.361"/>
  <system-out/>
</testsuite> <!-- lesson20.ComplexActions -->
