<?xml version="1.0" encoding="UTF-8"?>
<!-- Generated by org.testng.reporters.JUnitReportReporter -->
<testsuite hostname="DESKTOP-M021GP2" failures="0" tests="5" name="lesson16.TestNGDemo2" time="0.009" errors="0" timestamp="2022-11-17T21:03:40 EST" skipped="0">
  <testcase classname="lesson16.TestNGDemo2" name="testC" time="0.002"/>
  <system-out/>
  <testcase classname="lesson16.TestNGDemo2" name="testE" time="0.000"/>
  <system-out/>
  <testcase classname="lesson16.TestNGDemo2" name="testA" time="0.004"/>
  <system-out/>
  <testcase classname="lesson16.TestNGDemo2" name="testB" time="0.002"/>
  <system-out/>
  <testcase classname="lesson16.TestNGDemo2" name="testD" time="0.001"/>
  <system-out/>
</testsuite> <!-- lesson16.TestNGDemo2 -->
