<?xml version="1.0" encoding="UTF-8"?>
<!-- Generated by org.testng.reporters.JUnitReportReporter -->
<testsuite hostname="DESKTOP-M021GP2" failures="0" tests="1" name="lesson20.AlertDemo" time="5.676" errors="0" timestamp="2022-12-06T19:52:29 EST" skipped="0">
  <testcase classname="lesson20.AlertDemo" name="test1" time="5.676"/>
  <system-out/>
</testsuite> <!-- lesson20.AlertDemo -->
