<?xml version="1.0" encoding="UTF-8"?>
<!-- Generated by org.testng.reporters.JUnitReportReporter -->
<testsuite hostname="DESKTOP-M021GP2" failures="0" tests="1" name="lesson19.DynamicDropdown" time="10.080" errors="0" timestamp="2022-12-01T20:24:00 EST" skipped="0">
  <testcase classname="lesson19.DynamicDropdown" name="test1" time="10.080"/>
  <system-out/>
</testsuite> <!-- lesson19.DynamicDropdown -->
